<?xml version="1.0" encoding="UTF-8"?>
<testng-results ignored="0" total="2" passed="2" failed="0" skipped="0">
  <reporter-output>
  </reporter-output>
  <suite started-at="2022-07-28T17:02:11 IST" name="Default suite" finished-at="2022-07-28T17:02:11 IST" duration-ms="49">
    <groups>
    </groups>
    <test started-at="2022-07-28T17:02:11 IST" name="Default test" finished-at="2022-07-28T17:02:11 IST" duration-ms="49">
      <class name="selenium.qualiteam.Practice2">
        <test-method is-config="true" signature="Dogs2()[pri:0, instance:selenium.qualiteam.Practice2@2ea41516]" started-at="2022-07-28T17:02:11 IST" name="Dogs2" finished-at="2022-07-28T17:02:11 IST" duration-ms="5" status="PASS">
          <reporter-output>
          </reporter-output>
        </test-method> <!-- Dogs2 -->
        <test-method is-config="true" signature="animals()[pri:0, instance:selenium.qualiteam.Practice2@2ea41516]" started-at="2022-07-28T17:02:11 IST" name="animals" finished-at="2022-07-28T17:02:11 IST" duration-ms="1" status="PASS">
          <reporter-output>
          </reporter-output>
        </test-method> <!-- animals -->
        <test-method is-config="true" signature="animals2()[pri:0, instance:selenium.qualiteam.Practice2@2ea41516]" started-at="2022-07-28T17:02:11 IST" name="animals2" finished-at="2022-07-28T17:02:11 IST" duration-ms="1" status="PASS">
          <reporter-output>
          </reporter-output>
        </test-method> <!-- animals2 -->
        <test-method signature="run()[pri:0, instance:selenium.qualiteam.Practice2@2ea41516]" started-at="2022-07-28T17:02:11 IST" name="run" finished-at="2022-07-28T17:02:11 IST" duration-ms="5" status="PASS">
          <reporter-output>
          </reporter-output>
        </test-method> <!-- run -->
        <test-method signature="speak()[pri:0, instance:selenium.qualiteam.Practice2@2ea41516]" started-at="2022-07-28T17:02:11 IST" name="speak" finished-at="2022-07-28T17:02:11 IST" duration-ms="1" status="PASS">
          <reporter-output>
          </reporter-output>
        </test-method> <!-- speak -->
        <test-method is-config="true" signature="animals2()[pri:0, instance:selenium.qualiteam.Practice2@2ea41516]" started-at="2022-07-28T17:02:11 IST" name="animals2" finished-at="2022-07-28T17:02:11 IST" duration-ms="0" status="PASS">
          <reporter-output>
          </reporter-output>
        </test-method> <!-- animals2 -->
        <test-method is-config="true" signature="animals()[pri:0, instance:selenium.qualiteam.Practice2@2ea41516]" started-at="2022-07-28T17:02:11 IST" name="animals" finished-at="2022-07-28T17:02:11 IST" duration-ms="0" status="PASS">
          <reporter-output>
          </reporter-output>
        </test-method> <!-- animals -->
        <test-method is-config="true" signature="Dogs3()[pri:0, instance:selenium.qualiteam.Practice2@2ea41516]" started-at="2022-07-28T17:02:11 IST" name="Dogs3" finished-at="2022-07-28T17:02:11 IST" duration-ms="0" status="PASS">
          <reporter-output>
          </reporter-output>
        </test-method> <!-- Dogs3 -->
      </class> <!-- selenium.qualiteam.Practice2 -->
    </test> <!-- Default test -->
  </suite> <!-- Default suite -->
</testng-results>
